\BOOKMARK [0][-]{section*.2}{\376\377\000H\000A\000L\000A\000M\000A\000N\000\040\000J\000U\000D\000U\000L}{}% 1
\BOOKMARK [0][-]{section*.4}{\376\377\000H\000A\000L\000A\000M\000A\000N\000\040\000P\000E\000R\000N\000Y\000A\000T\000A\000A\000N\000\040\000O\000R\000I\000S\000I\000N\000A\000L\000I\000T\000A\000S}{}% 2
\BOOKMARK [0][-]{section*.5}{\376\377\000H\000A\000L\000A\000M\000A\000N\000\040\000P\000E\000R\000S\000E\000T\000U\000J\000U\000A\000N\000\040\000P\000U\000B\000L\000I\000K\000A\000S\000I\000\040\000K\000A\000R\000Y\000A\000\040\000I\000L\000M\000I\000A\000H}{}% 3
\BOOKMARK [0][-]{section*.6}{\376\377\000H\000A\000L\000A\000M\000A\000N\000\040\000P\000E\000R\000S\000E\000M\000B\000A\000H\000A\000N\000/\000M\000O\000T\000O}{}% 4
\BOOKMARK [0][-]{section*.7}{\376\377\000K\000A\000T\000A\000\040\000P\000E\000N\000G\000A\000N\000T\000A\000R}{}% 5
\BOOKMARK [0][-]{section*.8}{\376\377\000A\000B\000S\000T\000R\000A\000K}{}% 6
\BOOKMARK [0][-]{section*.9}{\376\377\000A\000B\000S\000T\000R\000A\000C\000T}{}% 7
\BOOKMARK [0][-]{section*.10}{\376\377\000D\000a\000f\000t\000a\000r\000\040\000I\000s\000i}{}% 8
\BOOKMARK [0][-]{section*.11}{\376\377\000D\000a\000f\000t\000a\000r\000\040\000T\000a\000b\000e\000l}{}% 9
\BOOKMARK [0][-]{section*.12}{\376\377\000D\000a\000f\000t\000a\000r\000\040\000G\000a\000m\000b\000a\000r}{}% 10
\BOOKMARK [0][-]{section*.13}{\376\377\000D\000A\000F\000T\000A\000R\000\040\000K\000O\000D\000E}{}% 11
\BOOKMARK [0][-]{section*.15}{\376\377\000D\000A\000F\000T\000A\000R\000\040\000R\000U\000M\000U\000S}{}% 12
\BOOKMARK [0][-]{section*.17}{\376\377\000D\000A\000F\000T\000A\000R\000\040\000L\000A\000M\000P\000I\000R\000A\000N}{}% 13
\BOOKMARK [0][-]{chapter.1}{\376\377\000B\000A\000B\000\040\0001\000\040\000P\000e\000n\000d\000a\000h\000u\000l\000u\000a\000n}{}% 14
\BOOKMARK [1][-]{section.1.1}{\376\377\0001\000.\0001\000\040\000L\000a\000t\000a\000r\000\040\000B\000e\000l\000a\000k\000a\000n\000g\000\040\000M\000a\000s\000a\000l\000a\000h}{chapter.1}% 15
\BOOKMARK [1][-]{section.1.2}{\376\377\0001\000.\0002\000\040\000M\000a\000k\000s\000u\000d\000\040\000d\000a\000n\000\040\000T\000u\000j\000u\000a\000n\000\040\000K\000e\000r\000j\000a\000\040\000M\000a\000g\000a\000n\000g}{chapter.1}% 16
\BOOKMARK [1][-]{section.1.3}{\376\377\0001\000.\0003\000\040\000W\000a\000k\000t\000u\000\040\000d\000a\000n\000\040\000P\000r\000o\000s\000e\000d\000u\000r\000\040\000P\000e\000l\000a\000k\000s\000a\000n\000a\000a\000n\000\040\000K\000e\000r\000j\000a\000\040\000M\000a\000g\000a\000n\000g}{chapter.1}% 17
\BOOKMARK [0][-]{chapter.2}{\376\377\000B\000A\000B\000\040\0002\000\040\000G\000a\000m\000b\000a\000r\000a\000n\000\040\000U\000m\000u\000m\000\040\000P\000e\000r\000u\000s\000a\000h\000a\000a\000n}{}% 18
\BOOKMARK [1][-]{section.2.1}{\376\377\0002\000.\0001\000\040\000S\000e\000j\000a\000r\000a\000h\000\040\000S\000i\000n\000g\000k\000a\000t\000\040\000P\000e\000r\000u\000s\000a\000h\000a\000a\000n}{chapter.2}% 19
\BOOKMARK [1][-]{section.2.2}{\376\377\0002\000.\0002\000\040\000V\000i\000s\000i\000\040\000d\000a\000n\000\040\000M\000i\000s\000i\000\040\000P\000e\000r\000u\000s\000a\000h\000a\000a\000n}{chapter.2}% 20
\BOOKMARK [2][-]{subsection.2.2.1}{\376\377\0002\000.\0002\000.\0001\000\040\000V\000i\000s\000i}{section.2.2}% 21
\BOOKMARK [2][-]{subsection.2.2.2}{\376\377\0002\000.\0002\000.\0002\000\040\000M\000i\000s\000i}{section.2.2}% 22
\BOOKMARK [1][-]{section.2.3}{\376\377\0002\000.\0003\000\040\000S\000t\000r\000u\000k\000t\000u\000r\000\040\000O\000r\000g\000a\000n\000i\000s\000a\000s\000i\000\040\000P\000e\000r\000u\000s\000a\000h\000a\000a\000n}{chapter.2}% 23
\BOOKMARK [0][-]{chapter.3}{\376\377\000B\000A\000B\000\040\0003\000\040\000P\000e\000l\000a\000k\000s\000a\000n\000a\000a\000n\000\040\000K\000e\000r\000j\000a\000\040\000M\000a\000g\000a\000n\000g}{}% 24
\BOOKMARK [1][-]{section.3.1}{\376\377\0003\000.\0001\000\040\000K\000e\000d\000u\000d\000u\000k\000a\000n\000\040\000d\000a\000n\000\040\000K\000o\000o\000r\000d\000i\000n\000a\000s\000i}{chapter.3}% 25
\BOOKMARK [1][-]{section.3.2}{\376\377\0003\000.\0002\000\040\000T\000u\000g\000a\000s\000\040\000y\000a\000n\000g\000\040\000D\000i\000l\000a\000k\000u\000k\000a\000n}{chapter.3}% 26
\BOOKMARK [1][-]{section.3.3}{\376\377\0003\000.\0003\000\040\000U\000r\000a\000i\000a\000n\000\040\000P\000e\000l\000a\000k\000s\000a\000n\000a\000a\000n\000\040\000M\000a\000g\000a\000n\000g}{chapter.3}% 27
\BOOKMARK [1][-]{section.3.4}{\376\377\0003\000.\0004\000\040\000P\000e\000r\000a\000n\000c\000a\000n\000g\000a\000n}{chapter.3}% 28
\BOOKMARK [2][-]{subsection.3.4.1}{\376\377\0003\000.\0004\000.\0001\000\040\000U\000s\000e\000r\000\040\000R\000e\000q\000u\000i\000r\000e\000m\000e\000n\000t}{section.3.4}% 29
\BOOKMARK [2][-]{subsection.3.4.2}{\376\377\0003\000.\0004\000.\0002\000\040\000S\000i\000t\000e\000m\000a\000p}{section.3.4}% 30
\BOOKMARK [2][-]{subsection.3.4.3}{\376\377\0003\000.\0004\000.\0003\000\040\000F\000l\000o\000w\000c\000h\000a\000r\000t}{section.3.4}% 31
\BOOKMARK [1][-]{section.3.5}{\376\377\0003\000.\0005\000\040\000W\000i\000r\000e\000f\000r\000a\000m\000e}{chapter.3}% 32
\BOOKMARK [1][-]{section.3.6}{\376\377\0003\000.\0006\000\040\000I\000m\000p\000l\000e\000m\000e\000n\000t\000a\000s\000i}{chapter.3}% 33
\BOOKMARK [1][-]{section.3.7}{\376\377\0003\000.\0007\000\040\000K\000e\000n\000d\000a\000l\000a\000\040\000d\000a\000n\000\040\000S\000o\000l\000u\000s\000i\000\040\000y\000a\000n\000g\000\040\000D\000i\000t\000e\000m\000u\000k\000a\000n}{chapter.3}% 34
\BOOKMARK [0][-]{chapter.4}{\376\377\000B\000A\000B\000\040\0004\000\040\000S\000i\000m\000p\000u\000l\000a\000n\000\040\000d\000a\000n\000\040\000S\000a\000r\000a\000n}{}% 35
\BOOKMARK [1][-]{section.4.1}{\376\377\0004\000.\0001\000\040\000S\000i\000m\000p\000u\000l\000a\000n}{chapter.4}% 36
\BOOKMARK [1][-]{section.4.2}{\376\377\0004\000.\0002\000\040\000S\000a\000r\000a\000n}{chapter.4}% 37
